https://www.nytimes.com/2017/12/31/world/americas/costa-rica-plane-crash.html
https://www.nytimes.com/2017/12/31/nyregion/metropolitan-detention-center-brooklyn-jail-signs.html
https://www.nytimes.com/2017/12/31/nyregion/bronx-fire-donations.html
https://www.nytimes.com/2017/12/31/business/start-of-a-new-year-of-trading-and-jobs-report-from-december.html
https://www.nytimes.com/2017/12/31/sports/nfl-playoff-predictions.html
https://www.nytimes.com/2017/12/31/world/asia/north-korea-kim-jong-un-olympics.html
https://www.nytimes.com/2017/12/31/sports/football/colts-fire-chuck-pagano-after-4-12-season.html
https://www.nytimes.com/2017/12/31/sports/football/buffalo-bills-playoffs.html
https://www.nytimes.com/2017/12/31/us/politics/trump-new-years-eve-mar-a-lago.html
https://www.nytimes.com/2018/01/01/arts/mariah-carey-new-years-eve.html
https://www.nytimes.com/2018/01/01/smarter-living/new-year-relaxation.html
https://www.nytimes.com/2018/01/01/us/at-veterans-hospital-in-oregon-a-push-for-better-ratings-puts-patients-at-risk-doctors-say.html
https://www.nytimes.com/2018/01/01/arts/how-astrology-took-over-the-internet.html
https://www.nytimes.com/2018/01/01/science/turtle-hatchlings-beach-lights.html
https://www.nytimes.com/2018/01/01/us/politics/rental-car-privacy-supreme-court.html
https://www.nytimes.com/2018/01/01/world/asia/china-kazakhstan-silk-road.html
https://www.nytimes.com/2018/01/01/movies/times-up-hollywood-women-sexual-harassment.html
https://www.nytimes.com/2018/01/01/sports/football/nfl-playoffs-patriots.html
https://www.nytimes.com/2018/01/01/travel/boutique-hotel-new-orleans.html
https://www.nytimes.com/2018/01/01/us/fire-cats-california.html
https://www.nytimes.com/2018/01/01/realestate/shopping-fireplaces-wood-stoves.html
https://www.nytimes.com/2018/01/01/reader-center/ag-sulzberger-publisher-questions.html
https://www.nytimes.com/2018/01/01/upshot/finding-purpose-for-a-good-life-but-also-a-healthy-one.html
https://www.nytimes.com/2018/01/01/well/eat/eating-food-health-center-for-science-in-the-public-interest-cspi.html
https://www.nytimes.com/2018/01/01/business/sydney-compass-richard-cousins.html
https://www.nytimes.com/2018/01/01/watching/hangover-what-to-watch-new-years-day.html
https://www.nytimes.com/2018/01/01/science/2018-spacex-moon.html
https://www.nytimes.com/2018/01/01/well/live/aging-youth-self-exploration-younger-old-habits.html
https://www.nytimes.com/2018/01/01/world/europe/london-tottenham-regeneration.html
https://www.nytimes.com/2018/01/01/theater/dane-terry-coil-festival-jupiters-lifeless-moons.html
https://www.nytimes.com/2018/01/01/theater/parable-of-the-sower-octavia-butler-toshi-reagon.html
https://www.nytimes.com/2018/01/01/health/tuberculosis-test-urine.html
https://www.nytimes.com/2018/01/01/nyregion/long-branch-shooting.html
https://www.nytimes.com/2018/01/01/dining/happy-new-year-newsletter.html
https://www.nytimes.com/2018/01/01/nyregion/conquering-her-mobility-obstacles-with-an-upbeat-attitude.html
https://www.nytimes.com/2018/01/01/world/asia/korean-war-history.html
https://www.nytimes.com/2018/01/01/science/food-fiber-microbiome-inflammation.html
https://www.nytimes.com/2018/01/01/arts/art-world-giants-give-40000-grants-to-three-poets.html
https://www.nytimes.com/2018/01/01/world/middleeast/iran-protests.html
https://www.nytimes.com/2018/01/01/sports/football/nfl-coaches-fired.html
https://www.nytimes.com/2018/01/01/us/legal-pot-california.html
https://www.nytimes.com/2018/01/01/business/media/rupert-murdoch-21st-century-fox-disney.html
https://www.nytimes.com/2018/01/01/business/airlines-travel-entertainment.html
https://www.nytimes.com/2018/01/01/nyregion/teterboro-airport-steeped-in-glamour-history-and-noise.html
https://www.nytimes.com/2018/01/01/arts/music/lena-hall-plans-an-ambitious-tribute-to-her-favorite-musicians.html
https://www.nytimes.com/2018/01/01/nyregion/mayor-de-blasio-begins-second-term-in-frigid-ceremony.html
https://www.nytimes.com/2018/01/01/business/energy-environment/climate-change-enzymes-laundry.html
https://www.nytimes.com/2018/01/01/technology/kaspersky-lab-antivirus.html
https://www.nytimes.com/2018/01/01/arts/music/taylor-swifts-reputation-takes-back-no-1-on-the-chart.html
https://www.nytimes.com/2018/01/01/sports/nfl-national-anthem-protests.html
https://www.nytimes.com/2018/01/01/sports/olympics/usa-hockey-rosters.html
https://www.nytimes.com/2018/01/01/arts/a-literary-portrait-of-richard-avedon-causes-controversy.html
https://www.nytimes.com/2018/01/01/world/asia/democracy-advocates-march-in-hong-kong.html
https://www.nytimes.com/2018/01/01/insider/lebanon-palestine-scoop-saad-hariri.html
https://www.nytimes.com/2018/01/01/us/politics/trump-businesses-regulation-economic-growth.html
https://www.nytimes.com/2018/01/01/sports/hockey/winter-classic-rangers-sabres.html
https://www.nytimes.com/2018/01/01/nyregion/metropolitan-diary-meeting-bill-murray.html
https://www.nytimes.com/2018/01/01/world/middleeast/israeli-jerusalem-west-bank.html
https://www.nytimes.com/2018/01/01/world/americas/costa-rica-plane-crash.html
https://www.nytimes.com/2018/01/01/nyregion/weather-and-visiting-senator-steal-the-show-at-de-blasio-inauguration.html
https://www.nytimes.com/2018/01/01/nyregion/at-de-blasio-inaugural-speeches-by-two-who-might-replace-him.html
https://www.nytimes.com/2018/01/01/nyregion/park-or-playground-semantics-dispute-illuminates-preservationists-fight.html
https://www.nytimes.com/2018/01/01/world/americas/brazil-prison-riot.html
https://www.nytimes.com/2018/01/01/business/dealbook/biggest-deals-2017.html
https://www.nytimes.com/2018/01/01/arts/dance/peter-martins-resigns-ballet.html
https://www.nytimes.com/2018/01/01/science/ukraine-space-science.html
https://www.nytimes.com/2018/01/01/sports/college-football-playoff-georgia-beats-oklahoma.html
https://www.nytimes.com/2018/01/01/business/gretchen-carlson-miss-america.html
https://www.nytimes.com/2018/01/01/crosswords/daily-puzzle-2018-01-02.html
https://www.nytimes.com/2018/01/01/sports/isaiah-thomas-cavaliers.html
https://www.nytimes.com/2018/01/01/pageoneplus/no-corrections-january-2-2018.html
https://www.nytimes.com/2018/01/02/sports/soccer/premier-league-top-six.html
https://www.nytimes.com/2018/01/02/learning/02WODLN.html
https://www.nytimes.com/2018/01/02/sports/college-football-playoff-alabama-clemson.html
https://www.nytimes.com/2018/01/02/world/asia/kim-jong-un-suit-north-korea.html
https://www.nytimes.com/2018/01/02/health/fake-news-conservative-liberal.html
https://www.nytimes.com/2018/01/02/learning/new-years-resolutions.html
https://www.nytimes.com/2018/01/02/science/donkeys-africa-china-ejiao.html
https://www.nytimes.com/2018/01/02/smarter-living/better-health-new-years-resolutions.html
https://www.nytimes.com/2018/01/02/well/family/teenagers-stop-asking-for-nude-photos.html
https://www.nytimes.com/2018/01/02/world/asia/south-north-korea-olympics-talks.html
https://www.nytimes.com/2018/01/02/learning/what-are-your-predictions-for-2018.html
https://www.nytimes.com/2018/01/02/upshot/us-health-care-expensive-country-comparison.html
https://www.nytimes.com/2018/01/02/learning/teaching-activities-for-powerful-hollywood-women-unveil-anti-harassment-action-plan.html
https://www.nytimes.com/2018/01/02/magazine/can-an-algorithm-tell-when-kids-are-in-danger.html
https://www.nytimes.com/2018/01/02/books/review/angela-flournoy-langston-hughes-not-without-laughter.html
https://www.nytimes.com/2018/01/02/magazine/american-politics-is-swamped-with-bad-faith-actors.html
https://www.nytimes.com/2018/01/02/sports/georgia-oklahoma-playoff.html
https://www.nytimes.com/2018/01/02/travel/cuba-isle-of-youth-isla-de-juventud.html
https://www.nytimes.com/2018/01/02/arts/new-years-eve.html
https://www.nytimes.com/2018/01/02/realestate/on-location-hastings-on-hudson-ny.html
https://www.nytimes.com/2018/01/02/world/middleeast/iran-protests-khamenei.html
https://www.nytimes.com/2018/01/02/world/asia/pakistan-trump-tweet.html
https://www.nytimes.com/2018/01/02/business/media/hoda-kotb-today-matt-lauer.html
https://www.nytimes.com/2018/01/02/business/dealbook/2018-business-trump.html
https://www.nytimes.com/2018/01/02/us/politics/trump-clinton-huma-abedin.html
https://www.nytimes.com/2018/01/02/business/media/logan-paul-youtube.html
https://www.nytimes.com/2018/01/02/world/europe/netherlands-falling-elderly.html
https://www.nytimes.com/2018/01/02/arts/dance/peter-martins-city-ballet-balanchine.html
https://www.nytimes.com/2018/01/02/movies/tiffany-haddish-on-nasty-men-her-snl-feat-and-girls-trip.html
https://www.nytimes.com/2018/01/02/business/china-toutiao-censorship.html
https://www.nytimes.com/2018/01/02/arts/dylan-mcdermott-the-first-time-i-waited-on-a-celebritys-table.html
https://www.nytimes.com/2018/01/02/dining/sexual-harassment-restaurants.html
https://www.nytimes.com/2018/01/02/sports/football/alabama-georgia-college-football-championship.html
https://www.nytimes.com/2018/01/02/books/review/new-noteworthy-rachel-dry.html
https://www.nytimes.com/2018/01/02/nyregion/seeing-an-opening-to-leave-her-husband-she-took-it-and-didnt-look-back.html
https://www.nytimes.com/2018/01/02/dining/country-style-pork-ribs-recipes.html
https://www.nytimes.com/2018/01/02/arts/dance/michelle-ellsworth-the-rehearsal-artist-american-realness.html
https://www.nytimes.com/2018/01/02/dining/la-goulue-nyc-restaurant-news.html
https://www.nytimes.com/2018/01/02/dining/times-archive-recipes.html
https://www.nytimes.com/2018/01/02/world/asia/taiwan-dentist-court-mother-filial-son.html
https://www.nytimes.com/2018/01/02/world/europe/uk-fire-monkeys.html
https://www.nytimes.com/2018/01/02/arts/television/the-x-files-in-a-familiar-groove-review.html
https://www.nytimes.com/2018/01/02/arts/design/hollywood-zoe-buckman-champ-women.html
https://www.nytimes.com/2018/01/02/us/politics/orrin-hatch-retiring-romney-trump.html
https://www.nytimes.com/2018/01/02/magazine/behind-the-cover-12-31-17.html
https://www.nytimes.com/2018/01/02/arts/television/dave-chappelle-netflix-special.html
https://www.nytimes.com/2018/01/02/t-magazine/margherita-missoni-amos-juice-recipe.html
https://www.nytimes.com/2018/01/02/business/salt-lake-city-airport-renovation.html
https://www.nytimes.com/2018/01/02/realestate/commercial/commercial-real-estate-new-york.html
https://www.nytimes.com/2018/01/02/business/vice-media-executives-on-leave.html
https://www.nytimes.com/2018/01/02/style/olivia-wilde-beauty-regimen.html
https://www.nytimes.com/2018/01/02/watching/new-on-netflix-hbo-amazon-prime-hulu-january.html
https://www.nytimes.com/2018/01/02/us/politics/trump-iran-protesters.html
https://www.nytimes.com/2018/01/02/arts/television/lena-waithe-the-chi.html
https://www.nytimes.com/2018/01/02/business/dealbook/tv-content-streaming.html
https://www.nytimes.com/2018/01/02/us/florida-man-stepson-death.html
https://www.nytimes.com/2018/01/02/well/live/obesity-is-the-main-contributor-to-diabetes-in-blacks-and-whites.html
https://www.nytimes.com/2018/01/02/arts/dance/peter-martins-ballet-harassment.html
https://www.nytimes.com/2018/01/02/nyregion/nyc-council-speaker-corey-johnson.html
https://www.nytimes.com/2018/01/02/insider/what-were-reading.html
https://www.nytimes.com/2018/01/02/style/sneakercon-shoe-care-tips-shopping.html
https://www.nytimes.com/2018/01/02/world/europe/germany-twitter-muslims-hordes.html
https://www.nytimes.com/2018/01/02/business/nursing-homes-care-corporate.html
https://www.nytimes.com/2018/01/02/climate/china-cars-pollution.html
https://www.nytimes.com/2018/01/02/us/its-so-cold-that.html
https://www.nytimes.com/2018/01/02/watching/new-on-netflix-canada-january.html
https://www.nytimes.com/2018/01/02/nyregion/albany-sexual-harassment-cuomo.html
https://www.nytimes.com/2018/01/02/sports/tennis/andy-murray-australian-open.html
https://www.nytimes.com/2018/01/02/theater/five-festivals-for-the-open-minded-theater-and-dance-lover.html
https://www.nytimes.com/2018/01/02/nyregion/city-will-place-1500-bollards-to-counter-vehicle-attacks.html
https://www.nytimes.com/2018/01/02/nyregion/metropolitan-diary-walking-the-dog.html
https://www.nytimes.com/2018/01/02/us/international-enrollment-drop.html
https://www.nytimes.com/2018/01/02/world/middleeast/east-jerusalem-palestinians-israel.html
https://www.nytimes.com/2018/01/02/us/politics/service-member-killed-afghanistan.html
https://www.nytimes.com/2018/01/02/business/activists-guide-to-2018-the-best-defense-is-a-good-offense.html
https://www.nytimes.com/2018/01/02/business/moneygram-ant-financial-china-cfius.html
https://www.nytimes.com/2018/01/02/arts/broadway-tops-its-biggest-week-ever.html
https://www.nytimes.com/2018/01/02/nyregion/trump-hudson-rail-tunnel.html
https://www.nytimes.com/2018/01/02/sports/olympics/quads-nathan-chen.html
https://www.nytimes.com/2018/01/02/us/census-citizenship-status-immigrants.html
https://www.nytimes.com/2018/01/02/technology/iran-protests-social-media.html
https://www.nytimes.com/2018/01/02/us/politics/fact-check-trump-aviation-safety.html
https://www.nytimes.com/2018/01/02/world/canada/canadian-boyle-afghanistan-sexual-assault.html
https://www.nytimes.com/2018/01/02/nyregion/new-york-republican-cuomo-wilson.html
https://www.nytimes.com/2018/01/02/nyregion/starrett-city-sale-judge-rules.html
https://www.nytimes.com/2018/01/02/us/politics/trump-tweet-north-korea.html
https://www.nytimes.com/2018/01/02/sports/olympics/united-states-hockey-rosters.html
https://www.nytimes.com/2018/01/02/us/politics/senate-democrats-government-shutdown-immigration.html
https://www.nytimes.com/2018/01/02/sports/isaiah-thomas-cavaliers.html
https://www.nytimes.com/2018/01/02/world/americas/peru-bus-plunge.html
https://www.nytimes.com/2018/01/02/crosswords/daily-puzzle-2018-01-03.html
https://www.nytimes.com/2018/01/02/us/politics/trump-clinton-aide-huma-abedin.html
https://www.nytimes.com/2018/01/02/nyregion/cuomo-ending-cash-bail-state-of-the-state.html
https://www.nytimes.com/2018/01/02/business/media/showtime-the-circus-halperin.html
https://www.nytimes.com/2018/01/03/sports/rich-rodriguez-fired.html
https://www.nytimes.com/2018/01/03/sports/knicks-spurs-gregg-popovich.html
https://www.nytimes.com/2018/01/03/world/asia/trump-tweet-button-north-korea.html
https://www.nytimes.com/2018/01/03/learning/03WODLN.html
https://www.nytimes.com/2018/01/03/learning/style.html
https://www.nytimes.com/2018/01/03/arts/design/gulag-museum-moscow-diary.html
https://www.nytimes.com/2018/01/03/world/asia/north-korea-hotline-south.html
https://www.nytimes.com/2018/01/03/learning/teaching-activities-for-debunking-myths-about-estrangement.html
https://www.nytimes.com/2018/01/03/arts/television/stephen-colbert-donald-trump-kim-jong-un-twitter.html
https://www.nytimes.com/2018/01/03/world/middleeast/iran-protests.html
https://www.nytimes.com/2018/01/03/learning/do-you-believe-in-astrology.html
https://www.nytimes.com/2018/01/03/magazine/masha-gessen-is-worried-about-outrage-fatigue.html
https://www.nytimes.com/2018/01/03/magazine/what-if-my-mothers-extramarital-cravings-are-linked-to-dementia.html
https://www.nytimes.com/2018/01/03/movies/meryl-streep-tom-hanks-the-post-metoo.html
https://www.nytimes.com/2018/01/03/nyregion/akhror-saidakhmetov-terror-brooklyn-nyc.html
https://www.nytimes.com/2018/01/03/arts/music/igor-levit-gilmore-award.html
https://www.nytimes.com/2018/01/03/magazine/subway-new-york-city-public-transportation-wealth-inequality.html
https://www.nytimes.com/2018/01/03/technology/2018-technology-chaos.html
https://www.nytimes.com/2018/01/03/travel/pecorino-di-pienza-cheese-tuscany-italy.html
https://www.nytimes.com/2018/01/03/magazine/the-dying-algorithm.html
https://www.nytimes.com/2018/01/03/business/china-drugs-health-care.html
https://www.nytimes.com/2018/01/03/world/asia/nuclear-button-trump-north-korea.html
https://www.nytimes.com/2018/01/03/upshot/zoning-housing-property-rights-nimby-us.html
https://www.nytimes.com/2018/01/03/us/buffalo-heroin-opioid-court.html
https://www.nytimes.com/2018/01/03/nyregion/metropolitan-diary-girls-night-out.html
https://www.nytimes.com/2018/01/03/well/move/exercise-microbiome-health-weight-gut-bacteria.html
https://www.nytimes.com/2018/01/03/us/politics/trump-homeland-security-daca.html
https://www.nytimes.com/2018/01/03/sports/andy-dalton-bills-charity.html
https://www.nytimes.com/2018/01/03/business/dealbook/ant-financial-moneygram-trump.html
https://www.nytimes.com/2018/01/03/sports/worldcup/world-cup-russia-doping.html
https://www.nytimes.com/2018/01/03/insider/when-old-news-is-good-news-the-effect-of-6-elderly-new-yorkers-on-one-middle-aged-reporter-85-and-up.html
https://www.nytimes.com/2018/01/03/us/cold-weather-winter-storm.html
https://www.nytimes.com/2018/01/03/business/dealbook/brazil-petrobras-corruption-scandal.html
https://www.nytimes.com/2018/01/03/realestate/hillsborough-nj-a-sprawling-community-with-an-urban-and-rural-feel.html
https://www.nytimes.com/2018/01/03/realestate/900000-homes-in-key-west-florida-santa-fe-new-mexico-lexington-kentucky.html
https://www.nytimes.com/2018/01/03/us/politics/trump-tweets-nuclear-button.html
https://www.nytimes.com/2018/01/03/world/asia/india-protests-mumbai-dalits.html
https://www.nytimes.com/2018/01/03/world/middleeast/trump-israel-palestinians-twitter.html
https://www.nytimes.com/2018/01/03/arts/design/thomas-roma-sexual-misconduct.html
https://www.nytimes.com/2018/01/03/movies/hollywood-on-the-brink.html
https://www.nytimes.com/2018/01/03/realestate/4th-quarter-manhattan-real-estate-reports.html
https://www.nytimes.com/2018/01/03/arts/design/pompeii-at-madre-naples.html
https://www.nytimes.com/2018/01/03/sports/ncaabasketball/kansas-big-12.html
https://www.nytimes.com/2018/01/03/world/asia/china-sidangkou-saxophone.html
https://www.nytimes.com/2018/01/03/insider/meet-the-washington-bureaus-fact-checkers.html
https://www.nytimes.com/2018/01/03/nyregion/breaking-the-hold-of-drugs-to-earn-the-embrace-of-her-children.html
https://www.nytimes.com/2018/01/03/dining/what-to-cook-right-now-newsletter.html
https://www.nytimes.com/2018/01/03/arts/design/tavi-gevinson-rookie-brooklyn.html
https://www.nytimes.com/2018/01/03/theater/wilma-theater-philadelphia-hothouse-blanka-zizka.html
https://www.nytimes.com/2018/01/03/movies/new-trailer-death-wish-bruce-willis.html
https://www.nytimes.com/2018/01/03/reader-center/red-carpet-weinstein.html
https://www.nytimes.com/2018/01/03/world/europe/storm-eleanor.html
https://www.nytimes.com/2018/01/03/us/politics/jones-smith-sworn-in-as-senators.html
https://www.nytimes.com/2018/01/03/arts/design/is-donald-trump-wall-builder-in-chief-a-conceptual-artist.html
https://www.nytimes.com/2018/01/03/t-magazine/wendy-mullin-breakfast-recipe.html
https://www.nytimes.com/2018/01/03/arts/music/beyonce-eminem-weeknd-headline-coachella.html
https://www.nytimes.com/2018/01/03/science/native-americans-beringia-siberia.html
https://www.nytimes.com/2018/01/03/world/europe/uk-national-health-service.html
https://www.nytimes.com/2018/01/03/technology/didi-chuxing-99-brazil-ride-hailing.html
https://www.nytimes.com/2018/01/03/science/golden-crowned-manakin-hybrid.html
https://www.nytimes.com/2018/01/03/us/politics/trump-statement-steve-bannon.html
https://www.nytimes.com/2018/01/03/us/politics/trump-bannon.html
https://www.nytimes.com/2018/01/03/style/doob-action-figure.html
https://www.nytimes.com/2018/01/03/world/europe/europe-iran-trump.html
https://www.nytimes.com/2018/01/03/arts/television/gangsta-paradise-jeopardy.html
https://www.nytimes.com/2018/01/03/sports/basketball/spurs-knicks-porzingis.html
https://www.nytimes.com/2018/01/03/world/europe/turkey-iran-sanctions-trial.html
https://www.nytimes.com/2018/01/03/fashion/fashion-institute-of-technology-library.html
https://www.nytimes.com/2018/01/03/movies/times-up-golden-globes-red-carpet.html
https://www.nytimes.com/2018/01/03/business/heating-homeowners-winter.html
https://www.nytimes.com/2018/01/03/business/economy/fed-rate-increases.html
https://www.nytimes.com/2018/01/03/learning/lesson-plans/analyzing-the-elements-of-art-four-ways-to-think-about-value.html
https://www.nytimes.com/2018/01/03/learning/lesson-plans/analyzing-the-elements-of-art-five-ways-to-think-about-space.html
https://www.nytimes.com/2018/01/03/arts/music/the-bad-plus-orrin-evans.html
https://www.nytimes.com/2018/01/03/style/charles-glass-bodybuilder-workout.html
https://www.nytimes.com/2018/01/03/technology/personaltech/technology-future-journalism.html
https://www.nytimes.com/2018/01/03/climate/climate-change-resolutions.html
https://www.nytimes.com/2018/01/03/technology/twitter-trump-rules.html
https://www.nytimes.com/2018/01/03/us/soccer-coach-human-trafficking.html
https://www.nytimes.com/2018/01/03/us/politics/manafort-lawsuit-mueller.html
https://www.nytimes.com/2018/01/03/technology/russia-venezuela-virtual-currencies.html
https://www.nytimes.com/2018/01/03/world/middleeast/what-is-unrwa-and-what-would-it-mean-if-trump-cuts-its-funding.html
https://www.nytimes.com/2018/01/03/style/hospital-gown-parsons-care-wear.html
https://www.nytimes.com/2018/01/03/us/virginia-race.html
https://www.nytimes.com/2018/01/03/books/subway-mass-transit.html
https://www.nytimes.com/2018/01/03/arts/design/art-owned-by-la-salle-university-headed-for-auction-at-christies.html
https://www.nytimes.com/2018/01/03/style/modern-love-podcast-margarita-levieva.html
https://www.nytimes.com/2018/01/03/health/typhoid-vaccine-who.html
https://www.nytimes.com/2018/01/03/us/what-is-a-bomb-cyclone.html
https://www.nytimes.com/2018/01/03/world/europe/iceland-equal-pay.html
https://www.nytimes.com/2018/01/03/business/auto-sales.html
https://www.nytimes.com/2018/01/03/us/bird-migration-winter.html
https://www.nytimes.com/2018/01/03/business/media/spotify-ipo-streaming-music.html
https://www.nytimes.com/2018/01/03/business/dealbook/bitcoin-russia-investigation.html
https://www.nytimes.com/2018/01/03/world/africa/ethiopia-prisoners.html
https://www.nytimes.com/2018/01/03/climate/cold-climate-change.html
https://www.nytimes.com/2018/01/03/business/computer-flaws.html
https://www.nytimes.com/2018/01/03/technology/personaltech/ces-2018.html
https://www.nytimes.com/2018/01/03/world/europe/thieves-steal-qatari-jewels-in-brazen-theft-at-ducal-palace-in-venice.html
https://www.nytimes.com/2018/01/03/nyregion/a-glasses-menagerie.html
https://www.nytimes.com/2018/01/03/us/politics/harold-martin-nsa-guilty-plea-offer.html
https://www.nytimes.com/2018/01/03/nyregion/red-hook-subway-housing.html
https://www.nytimes.com/2018/01/03/world/americas/peru-bans-buses-from-road-where-bus-plunged-killing-51.html
https://www.nytimes.com/2018/01/03/nyregion/us-attorneys-brooklyn-manhattan.html
https://www.nytimes.com/2018/01/03/world/middleeast/iran-protests-foreign-enemies.html
https://www.nytimes.com/2018/01/03/business/corporate-tax-cut-bonuses-employees.html
https://www.nytimes.com/2018/01/03/us/for-mormons-succession-monson.html
https://www.nytimes.com/2018/01/03/us/politics/2018-trump-protectionism-tariffs.html
https://www.nytimes.com/2018/01/03/us/motel-6-immigration-washington.html
https://www.nytimes.com/2018/01/03/nyregion/council-speaker-corey-johnson.html
https://www.nytimes.com/2018/01/03/us/politics/trump-voter-fraud-commission.html
https://www.nytimes.com/2018/01/03/theater/toronto-theater-company-leader-steps-aside-amid-harassment-suits.html
https://www.nytimes.com/2018/01/03/nyregion/race-nyc-council-speaker.html
https://www.nytimes.com/2018/01/03/us/politics/trump-north-korea-wedge-south-korea.html
https://www.nytimes.com/2018/01/03/nyregion/albany-cuomo-state-of-the-state.html
https://www.nytimes.com/2018/01/03/sports/central-florida-claims-a-national-title-want-to-fight-about-it.html
https://www.nytimes.com/2018/01/03/business/tesla-model-3.html
https://www.nytimes.com/2018/01/03/nyregion/brooklyn-subway-attack.html
https://www.nytimes.com/2018/01/03/crosswords/daily-puzzle-2018-01-04.html
https://www.nytimes.com/2018/01/03/sports/basketball/knicks-continue-their-struggles-against-the-wizards.html
https://www.nytimes.com/2018/01/03/sports/olympics/north-korea-olympics.html
https://www.nytimes.com/2018/01/03/us/essence-sale-black-owned.html
https://www.nytimes.com/2018/01/04/learning/04WODLN.html
https://www.nytimes.com/2018/01/04/us/native-american-voting-rights.html
https://www.nytimes.com/2018/01/04/smarter-living/bomb-cyclone-staying-warm-winter.html
https://www.nytimes.com/2018/01/04/smarter-living/paper-planner-guide.html
https://www.nytimes.com/2018/01/04/sports/baseball/general-managers-texting.html
https://www.nytimes.com/2018/01/04/learning/cold-weather.html
https://www.nytimes.com/2018/01/04/world/australia/gang-violence-melbourne-turnbull.html
https://www.nytimes.com/2018/01/04/learning/teaching-activities-for-hard-liners-and-reformers-tapped-iranians-ire-now-both-are-protest-targets.html
https://www.nytimes.com/2018/01/04/theater/winterreise-gorki-amerika-deutesches-theater-drums-in-the-night-munich.html
https://www.nytimes.com/2018/01/04/us/winter-snow-bomb-cyclone.html
https://www.nytimes.com/2018/01/04/learning/when-have-you-reinvented-yourself.html
https://www.nytimes.com/2018/01/04/magazine/letter-of-recommendation-floating.html
https://www.nytimes.com/2018/01/04/magazine/where-pot-entrepreneurs-go-when-the-banks-just-say-no.html
https://www.nytimes.com/2018/01/04/magazine/seeing-kale-with-new-eyes.html
https://www.nytimes.com/2018/01/04/books/review/daniel-mendelsohn-by-the-book.html
https://www.nytimes.com/2018/01/04/books/review/new-crime-james-lee-burke-robicheaux.html
https://www.nytimes.com/2018/01/04/magazine/a-strange-itch-trouble-breathing-then-anaphylactic-shock.html
https://www.nytimes.com/2018/01/04/realestate/looking-for-a-fixer-upper-in-park-slope.html
https://www.nytimes.com/2018/01/04/movies/greta-gerwig-lady-bird-new-york.html
https://www.nytimes.com/2018/01/04/travel/henrietta-red-nashville-restaurant-review.html
https://www.nytimes.com/2018/01/04/travel/whitney-cummings-travel-essentials.html
https://www.nytimes.com/2018/01/04/sports/olympics/yuzuru-hanyu.html
https://www.nytimes.com/2018/01/04/books/jacqueline-woodson-is-named-national-ambassador-for-young-peoples-literature.html
https://www.nytimes.com/2018/01/04/arts/television/stephen-colbert-trump-dishonest-corrupt-media-awards.html
https://www.nytimes.com/2018/01/04/well/live/when-the-lung-cancer-patient-climbs-mountains.html
https://www.nytimes.com/2018/01/04/insider/peak-sneaker-inside-sneaker-con.html
https://www.nytimes.com/2018/01/04/technology/self-driving-cars-aurora.html
https://www.nytimes.com/2018/01/04/world/asia/tibet-china-language-separatism-tashi.html
https://www.nytimes.com/2018/01/04/science/chinese-space-station.html
https://www.nytimes.com/2018/01/04/business/dealbook/trump-bannon-wolff-book.html
https://www.nytimes.com/2018/01/04/world/asia/north-korea-south-korea-talks.html
https://www.nytimes.com/2018/01/04/sports/tennis/andy-murray-australian-open.html
https://www.nytimes.com/2018/01/04/movies/cate-blanchett-cannes-jury.html
https://www.nytimes.com/2018/01/04/technology/iranian-hackers.html
https://www.nytimes.com/2018/01/04/realestate/homes-for-sale-in-asharoken-new-york-and-westport-connecticut.html
https://www.nytimes.com/2018/01/04/realestate/homes-for-sale-in-chelsea-sutton-and-park-slope-brooklyn.html
https://www.nytimes.com/2018/01/04/world/asia/indonesia-jakarta-communist-monuments.html
https://www.nytimes.com/2018/01/04/business/china-alibaba-privacy.html
https://www.nytimes.com/2018/01/04/travel/disney-hotels-do-not-disturb.html
https://www.nytimes.com/2018/01/04/arts/design/thomas-roma-columbia-retires.html
https://www.nytimes.com/2018/01/04/business/dealbook/dow-25000.html
https://www.nytimes.com/2018/01/04/movies/daniel-kaluuya-get-out-racism.html
https://www.nytimes.com/2018/01/04/us/politics/marijuana-legalization-justice-department-prosecutions.html
https://www.nytimes.com/2018/01/04/nyregion/snow-storm-schools-trains-roads.html
https://www.nytimes.com/2018/01/04/well/live/resolutions-of-a-cancer-doctor.html
https://www.nytimes.com/2018/01/04/t-magazine/anicka-yi-breakfast-recipes.html
https://www.nytimes.com/2018/01/04/realestate/decembers-most-popular-listings.html
https://www.nytimes.com/2018/01/04/nyregion/judges-new-york.html
https://www.nytimes.com/2018/01/04/books/review/jean-strouse-eudora-welty-great-books.html
https://www.nytimes.com/2018/01/04/us/virginia-tie.html
https://www.nytimes.com/2018/01/04/nyregion/time-flies-when-youre-the-capital-of-the-world.html
https://www.nytimes.com/2018/01/04/nyregion/want-a-better-workout-just-breathe.html
https://www.nytimes.com/2018/01/04/us/politics/trump-threatens-sue-fire-fury-publisher.html
https://www.nytimes.com/2018/01/04/arts/design/met-museum-admissions.html
https://www.nytimes.com/2018/01/04/nyregion/gift-bags-for-the-homeless.html
https://www.nytimes.com/2018/01/04/well/live/new-shingles-vaccine-is-cost-effective.html
https://www.nytimes.com/2018/01/04/world/africa/zimbabwe-martha-odonovan-twitter.html
https://www.nytimes.com/2018/01/04/realestate/house-hunting-in-morocco.html
https://www.nytimes.com/2018/01/04/arts/design/the-met-should-be-open-to-all-the-new-pay-policy-is-a-mistake.html
https://www.nytimes.com/2018/01/04/style/holiday-gift-exchange-rude.html
https://www.nytimes.com/2018/01/04/books/the-real-nanny-diaries.html
https://www.nytimes.com/2018/01/04/theater/shakespeares-globe-mark-rylance-andre-holland.html
https://www.nytimes.com/2018/01/04/world/africa/south-africa-train-crash.html
https://www.nytimes.com/2018/01/04/us/politics/trump-association-health-plans-obamacare.html
https://www.nytimes.com/2018/01/04/us/charles-manson-body.html
https://www.nytimes.com/2018/01/04/sports/cricket/premature-victory-celebration.html
https://www.nytimes.com/2018/01/04/world/europe/uk-nhs-theresa-may.html
https://www.nytimes.com/2018/01/04/world/europe/vienna-new-years-baby.html
https://www.nytimes.com/2018/01/04/theater/angels-in-america-stephen-spinella-bob-the-drag-queen.html
https://www.nytimes.com/2018/01/04/business/corporate-tax-cuts.html
https://www.nytimes.com/2018/01/04/arts/design/childrens-museum-of-manhattan-new-building.html
https://www.nytimes.com/2018/01/04/well/live/antioxidants-dont-ease-muscle-soreness-after-exercise.html
https://www.nytimes.com/2018/01/04/climate/trump-offshore-drilling.html
https://www.nytimes.com/2018/01/04/magazine/the-12-17-17-issue.html
https://www.nytimes.com/2018/01/04/t-magazine/design/workstead-house-charleston-south-carolina.html
https://www.nytimes.com/2018/01/04/world/middleeast/iran-protest-blame.html
https://www.nytimes.com/2018/01/04/travel/costa-rica-air-travel-safety.html
https://www.nytimes.com/2018/01/04/us/iguana-florida-cold-weather.html
https://www.nytimes.com/2018/01/04/climate/coral-reefs-bleaching.html
https://www.nytimes.com/2018/01/04/world/asia/japan-comedian-blackface.html
https://www.nytimes.com/2018/01/04/arts/seth-meyers-golden-globes.html
https://www.nytimes.com/2018/01/04/fashion/weddings/a-successful-marriage-is-never-as-easy-as-a-b-c.html
https://www.nytimes.com/2018/01/04/world/middleeast/israel-africans.html
https://www.nytimes.com/2018/01/04/sports/football/nfl-speed-leonard-fournette.html
https://www.nytimes.com/2018/01/04/business/energy-environment/norway-electric-hybrid-cars.html
https://www.nytimes.com/2018/01/04/climate/losses-natural-disasters-insurance.html
https://www.nytimes.com/2018/01/04/learning/whats-going-on-in-this-graph-jan-9-2018.html
https://www.nytimes.com/2018/01/04/world/africa/nigeria-boko-haram-chibok-girls.html
https://www.nytimes.com/2018/01/04/sports/football/jacksonville-jaguars-nfl-playoffs.html
https://www.nytimes.com/2018/01/04/business/media/los-angeles-times-union-vote.html
https://www.nytimes.com/2018/01/04/us/baltimore-schools-winter-heating.html
https://www.nytimes.com/2018/01/04/arts/television/game-of-thrones-returns-2019.html
https://www.nytimes.com/2018/01/04/us/politics/trump-pakistan-aid.html
https://www.nytimes.com/2018/01/04/theater/ars-nova-new-theater-greenwich-village.html
https://www.nytimes.com/2018/01/04/reader-center/questions-about-american-marijuana-legalization.html
https://www.nytimes.com/2018/01/04/arts/dance/what-goes-with-basketball-dance.html
https://www.nytimes.com/2018/01/04/world/asia/isis-kabul-suicide-attack.html
https://www.nytimes.com/2018/01/04/learning/shopping-bravery-conspiracy-theories-and-robots-our-favorite-student-comments-this-week.html
https://www.nytimes.com/2018/01/04/business/market-dow-2018.html
https://www.nytimes.com/2018/01/04/world/europe/turkey-iran-banker-scandalous.html
https://www.nytimes.com/2018/01/04/theater/jonathan-groff-bringing-bobby-darin-back-to-theatrical-life.html
https://www.nytimes.com/2018/01/04/jobs/nyc-emergency-alert-system.html
https://www.nytimes.com/2018/01/04/sports/basketball/philadelphia-sixers-song.html
https://www.nytimes.com/2018/01/04/watching/golden-globes-what-to-watch-this-weekend.html
https://www.nytimes.com/2018/01/04/business/media/ryan-murphy-fox-disney.html
https://www.nytimes.com/2018/01/04/nyregion/new-york-city-homeless-hotels-crime.html
https://www.nytimes.com/2018/01/04/us/politics/right-and-left-react-to-the-clash-between-trump-and-bannon.html
https://www.nytimes.com/2018/01/04/us/air-travel-winter-storm.html
https://www.nytimes.com/2018/01/04/nyregion/metropolitan-diary-parachute-jump-to-prexys.html
https://www.nytimes.com/2018/01/04/nyregion/bronx-fire-claims-13th-victim.html
https://www.nytimes.com/2018/01/04/watching/tv-what-to-watch-january.html
https://www.nytimes.com/2018/01/04/us/politics/bannon-mercer-trump.html
https://www.nytimes.com/2018/01/04/upshot/trump-delays-hud-fair-housing-obama-rule.html
https://www.nytimes.com/2018/01/04/us/politics/senate-trump-immigration-daca-deal.html
https://www.nytimes.com/2018/01/04/arts/new-george-rr-martin-adaptation-coming-to-syfy-and-netflix.html
https://www.nytimes.com/2018/01/04/technology/meltdown-spectre-questions.html
https://www.nytimes.com/2018/01/04/business/media/michael-wolff-trump.html
https://www.nytimes.com/2018/01/04/nyregion/united-states-attorney-new-york.html
https://www.nytimes.com/2018/01/04/us/california-defiant-in-face-of-federal-move-to-get-tough-on-marijuana.html
https://www.nytimes.com/2018/01/04/us/voting-fraud-commission.html
https://www.nytimes.com/2018/01/04/nyregion/new-york-payroll-tax-income-tax-plan.html
https://www.nytimes.com/2018/01/04/technology/bitcoin-ripple.html
https://www.nytimes.com/2018/01/04/us/politics/trump-sessions-russia-mcgahn.html
https://www.nytimes.com/2018/01/04/world/canada/soulpepper-theater-toronto-albert-schultz.html
https://www.nytimes.com/2018/01/04/nyregion/brooklyn-subway-attack.html
https://www.nytimes.com/2018/01/04/sports/serena-williams-withdraw-australian-open.html
https://www.nytimes.com/2018/01/04/crosswords/daily-puzzle-2018-01-05.html
https://www.nytimes.com/2018/01/04/business/media/alabama-newspaper-spanking.html
https://www.nytimes.com/2018/01/05/style/modern-love-how-30-blocks-became-30-years.html
https://www.nytimes.com/2018/01/05/sports/soccer/liverpool-coutinho-barcelona.html
https://www.nytimes.com/2018/01/05/world/europe/turkey-aksener-erdogan.html
https://www.nytimes.com/2018/01/05/arts/design/torbjorn-rodland-photography.html
https://www.nytimes.com/2018/01/05/world/asia/north-korea-panmunjom-talks-olympics.html
https://www.nytimes.com/2018/01/05/world/americas/peru-fujimori-released-hospital.html
https://www.nytimes.com/2018/01/05/learning/05WODLN.html
https://www.nytimes.com/2018/01/05/smarter-living/how-to-win-at-winter.html
https://www.nytimes.com/2018/01/05/sports/los-angeles-rams-playoffs-chargers.html
https://www.nytimes.com/2018/01/05/learning/social-media.html
https://www.nytimes.com/2018/01/05/world/australia/starfish-coral-great-barrier-reef.html
https://www.nytimes.com/2018/01/05/learning/teaching-activities-for-north-koreas-overture-raises-hopes-but-huge-obstacles-loom.html
https://www.nytimes.com/2018/01/05/arts/television/trevor-noah-trump-fire-fury-.html
https://www.nytimes.com/2018/01/05/magazine/new-sentences-from-eileen-myless-afterglow.html
https://www.nytimes.com/2018/01/05/magazine/the-12-24-17-issue.html
https://www.nytimes.com/2018/01/05/magazine/behind-the-cover-1-718.html
https://www.nytimes.com/2018/01/05/magazine/muddy-a-blues.html
https://www.nytimes.com/2018/01/05/arts/hq-trivia-app-appointment-viewing.html
https://www.nytimes.com/2018/01/05/learning/are-you-a-sneaker-head.html
https://www.nytimes.com/2018/01/05/magazine/how-to-speak-gibberish.html
https://www.nytimes.com/2018/01/05/magazine/judge-john-hodgman-on-proper-posting-habits.html
https://www.nytimes.com/2018/01/05/nyregion/the-struggling-artist-at-86.html
https://www.nytimes.com/2018/01/05/arts/television/alienist-tnt-caleb-carr.html
https://www.nytimes.com/2018/01/05/arts/television/with-electric-dreams-philip-k-dick-gets-the-tv-anthology-treatment.html
https://www.nytimes.com/2018/01/05/arts/the-forecast-the-americans-ends-jk-simmons-multiplies.html
https://www.nytimes.com/2018/01/05/books/review/european-fiction-grief.html
https://www.nytimes.com/2018/01/05/books/review/how-to-literary-recluse-grant-snider.html
https://www.nytimes.com/2018/01/05/business/economy/jobs-report.html
https://www.nytimes.com/2018/01/05/sports/nick-saban-alabama.html
https://www.nytimes.com/2018/01/05/travel/ways-to-save-budget-2018.html
https://www.nytimes.com/2018/01/05/us/politics/trump-marijuana-policy-bipartisan-fire.html
https://www.nytimes.com/2018/01/05/us/politics/us-korea-trade-talks.html
https://www.nytimes.com/2018/01/05/realestate/small-landlord-calculate-rent.html
https://www.nytimes.com/2018/01/05/learning/lesson-plans/teenagers-in-the-times-december-2017.html
https://www.nytimes.com/2018/01/05/learning/teaching-with-a-liquid-fear.html
https://www.nytimes.com/2018/01/05/upshot/remember-trumps-pitch-on-health-care-associations-now-we-know-what-he-meant.html
https://www.nytimes.com/2018/01/05/world/asia/suicide-forest-japan-logan-paul.html
https://www.nytimes.com/2018/01/05/well/family/dna-testing-korea-japan-bias.html
https://www.nytimes.com/2018/01/05/well/mind/does-magnesium-help-you-sleep.html
https://www.nytimes.com/2018/01/05/arts/music/alicia-hall-moran-ice-skating-music.html
https://www.nytimes.com/2018/01/05/fashion/weddings/waitress-star-has-a-tip-for-you-marry-your-best-friend.html
https://www.nytimes.com/2018/01/05/world/asia/pakistan-aid-afghan-war.html
https://www.nytimes.com/2018/01/05/jobs/when-you-take-a-promotion-but-still-want-to-move-on.html
https://www.nytimes.com/2018/01/05/movies/the-bright-and-dark-side-of-roger-deakins.html
https://www.nytimes.com/2018/01/05/nyregion/how-howard-bloom-writer-and-former-publicist-spends-his-sundays.html
https://www.nytimes.com/2018/01/05/business/dealbook/dow-25000-markets.html
https://www.nytimes.com/2018/01/05/arts/jaamil-olawale-kosoko-the-killers-fellow-travelers-opera.html
https://www.nytimes.com/2018/01/05/world/middleeast/yemen-saudi-arabia-missile.html
https://www.nytimes.com/2018/01/05/business/media/michael-wolff-trump-today.html
https://www.nytimes.com/2018/01/05/theater/whats-new-in-nyc-theater.html
https://www.nytimes.com/2018/01/05/arts/music/pop-rock-and-jazz-in-nyc-this-week.html
https://www.nytimes.com/2018/01/05/arts/music/classical-music-in-nyc-this-week.html
https://www.nytimes.com/2018/01/05/technology/week-in-tech-security-flaw.html
https://www.nytimes.com/2018/01/05/realestate/confessions-of-an-open-house-addict.html
https://www.nytimes.com/2018/01/05/arts/comedy-in-nyc-this-week.html
https://www.nytimes.com/2018/01/05/your-money/entrepreneur-namesake-business.html
https://www.nytimes.com/2018/01/05/your-money/bank-overdraft-fees.html
https://www.nytimes.com/2018/01/05/movies/film-series-in-nyc-this-week.html
https://www.nytimes.com/2018/01/05/arts/art-in-nyc-this-week.html
https://www.nytimes.com/2018/01/05/arts/dance/dance-in-nyc-this-week.html
https://www.nytimes.com/2018/01/05/arts/events-for-children-in-nyc-this-week.html
https://www.nytimes.com/2018/01/05/sports/basketball/rutgers-pregame-videos.html
https://www.nytimes.com/2018/01/05/arts/television/thomas-haden-church-hbo-divorce.html
https://www.nytimes.com/2018/01/05/business/economy/why-even-tougher-regulations-on-smoking-are-justified.html
https://www.nytimes.com/2018/01/05/arts/dance/arthur-mitchell-harlem-ballet-lenfest-center.html
https://www.nytimes.com/2018/01/05/arts/music/xxxtentacion-tay-k-kodak-black-accusations-criticism.html
https://www.nytimes.com/2018/01/05/movies/supporting-actor-problems.html
https://www.nytimes.com/2018/01/05/movies/the-shape-of-water-three-billboards-dunkirk-the-big-sick.html
https://www.nytimes.com/2018/01/05/us/winter-storm-bomb-cyclone.html
https://www.nytimes.com/2018/01/05/sports/ncaabasketball/reggie-lynch-minnesota-suspended.html
https://www.nytimes.com/2018/01/05/your-money/when-it-costs-double-to-let-your-12-year-old-fly-alone.html
https://www.nytimes.com/2018/01/05/dining/what-to-cook-this-weekend-newsletter.html
https://www.nytimes.com/2018/01/05/dining/braised-cod-recipe.html
https://www.nytimes.com/2018/01/05/your-money/bitcoin-investing.html
https://www.nytimes.com/2018/01/05/us/the-metoo-moment-whats-next.html
https://www.nytimes.com/2018/01/05/style/golden-globes-harvey-weinstein-red-carpet.html
https://www.nytimes.com/2018/01/05/style/weinstein-red-carpet-photos-smiles.html
https://www.nytimes.com/2018/01/07/fashion/black-red-carpet-golden-globes.html
https://www.nytimes.com/2018/01/05/style/golden-globes-red-carpet-protest-celebrities.html
https://www.nytimes.com/2018/01/05/fashion/golden-globes-red-carpet-economy-fashion-brands-contracts.html
https://www.nytimes.com/2018/01/05/style/golden-globes-times-up-me-too.html
https://www.nytimes.com/2018/01/05/style/the-new-red-carpet-golden-globes.html
https://www.nytimes.com/2018/01/05/us/politics/trump-fire-fury-book-loyalty.html
https://www.nytimes.com/2018/01/05/us/politics/trump-border-search-cellphone-computer.html
https://www.nytimes.com/2018/01/05/arts/music/popcast-jazz-2017.html
https://www.nytimes.com/2018/01/05/us/politics/clinton-foundation-fbi.html
https://www.nytimes.com/2018/01/05/arts/design/mark-pauline-survival-research-laboratories.html
https://www.nytimes.com/2018/01/05/us/politics/trump-republicans-immigration-spending.html
https://www.nytimes.com/2018/01/05/world/europe/uk-coffee-cup-tax.html
https://www.nytimes.com/2018/01/05/world/europe/uk-lily-cole-emily-bronte.html
https://www.nytimes.com/2018/01/05/health/statin-over-75.html
https://www.nytimes.com/2018/01/05/us/politics/american-isis-suspect-military-detention.html
https://www.nytimes.com/2018/01/05/business/media/487-original-programs-aired-in-2017.html
https://www.nytimes.com/2018/01/05/books/review/what-to-read-about-north-korea.html
https://www.nytimes.com/2018/01/05/us/politics/chris-christie-interview-excerpts-.html
https://www.nytimes.com/2018/01/05/us/politics/christie-trump-new-jersey-governor.html
https://www.nytimes.com/2018/01/05/us/politics/christopher-steele-dossier-judiciary-committee.html
https://www.nytimes.com/2018/01/05/t-magazine/matilda-goad-turmeric-elixir-recipe.html
https://www.nytimes.com/2018/01/05/arts/television/barack-obama-first-guest-david-letterman-netflix.html
https://www.nytimes.com/2018/01/05/science/biblical-codes-morgan-library.html
https://www.nytimes.com/2018/01/05/movies/wonder-woman-and-get-out-producers-guild-nominees.html
https://www.nytimes.com/2018/01/05/world/europe/catalonias-separatists-in-exile-oriol-junqueras-carles-puigdemont.html
https://www.nytimes.com/2018/01/05/watching/golden-globes.html
https://www.nytimes.com/2018/01/05/nyregion/from-bicycles-to-wooden-beams-the-weird-stuff-found-in-city-sewage.html
https://www.nytimes.com/2018/01/05/travel/charter-airline-safety-tips.html
https://www.nytimes.com/2018/01/05/climate/trump-environment-2018.html
https://www.nytimes.com/2018/01/05/style/golden-globe-ambassador-johnson-simone-garcia.html
https://www.nytimes.com/2018/01/05/world/europe/georgia-saakashvili-ukraine.html
https://www.nytimes.com/2018/01/05/world/europe/uk-irn-bru-recipe.html
https://www.nytimes.com/2018/01/05/nyregion/face-transplant-3-d-printed-mask-donor-nyu.html
https://www.nytimes.com/2018/01/05/health/cdc-nuclear-attack.html
https://www.nytimes.com/2018/01/05/nyregion/new-jersey-gas-pump.html
https://www.nytimes.com/2018/01/05/travel/costa-rica-crash-ecotravel.html
https://www.nytimes.com/2018/01/05/movies/bafta-film-awards-stephen-fry-steps-down.html
https://www.nytimes.com/2018/01/05/watching/new-on-netflix-australia-january.html
https://www.nytimes.com/2018/01/05/sports/basketball/knicks-mark-cuban-mavericks-.html
https://www.nytimes.com/2018/01/05/arts/music/classical-youtube-beethoven-debussy.html
https://www.nytimes.com/2018/01/05/crosswords/and-the-winners-are-part-i-the-winners-of-the-2017-super-mega-crossword-contest.html
https://www.nytimes.com/2018/01/05/sports/ncaabasketball/minnesota-reggie-lynch-suspended.html
https://www.nytimes.com/2018/01/05/crosswords/and-the-winners-are-part-ii-report-on-the-hidden-contest.html
https://www.nytimes.com/2018/01/05/arts/music/playlist-justin-timberlake-bruno-mars-kendrick-lamar.html
https://www.nytimes.com/2018/01/05/science/cancer-deaths-decline.html
https://www.nytimes.com/2018/01/05/us/politics/trump-nicknames.html
https://www.nytimes.com/2018/01/05/nyregion/mail-problems-daca-denial-of-work-permits-for-1900-immigrants.html
https://www.nytimes.com/2018/01/05/world/europe/macron-new-years-eve-address-to-journalists-.html
https://www.nytimes.com/2018/01/05/health/e-coli-romaine-lettuce.html
https://www.nytimes.com/2018/01/05/watching/aaron-sorkin-where-to-watch.html
https://www.nytimes.com/2018/01/05/science/child-mummy-hepatitis-naples.html
https://www.nytimes.com/2018/01/05/us/doctor-fraud-charges.html
https://www.nytimes.com/2018/01/05/sports/soccer/liverpool-van-dijk-firmino.html
https://www.nytimes.com/2018/01/05/world/middleeast/israel-palestinians-state.html
https://www.nytimes.com/2018/01/05/fashion/golden-globes-sneaker-con.html
https://www.nytimes.com/2018/01/05/nyregion/for-many-public-housing-residents-its-cold-inside-too.html
https://www.nytimes.com/2018/01/05/business/robert-khuzami-us-attorneys-office.html
https://www.nytimes.com/2018/01/05/insider/what-were-reading.html
https://www.nytimes.com/2018/01/05/technology/net-neutrality-lawsuit.html
https://www.nytimes.com/2018/01/05/nyregion/taxes-as-charity-new-jersey-towns-try-to-elude-gop-tax-law.html
https://www.nytimes.com/2018/01/05/world/americas/venezuela-detained-american.html
https://www.nytimes.com/2018/01/05/us/politics/trump-the-post-white-house-screening.html
https://www.nytimes.com/2018/01/05/world/americas/venezuela-us-sanctions-maduro.html
https://www.nytimes.com/2018/01/05/technology/uber-investors-loosen-grip-share-sales.html
https://www.nytimes.com/2018/01/05/sports/football/jon-gruden-raiders.html
https://www.nytimes.com/2018/01/05/technology/trump-twitter-continue-tweeting.html
https://www.nytimes.com/2018/01/05/nyregion/antiques-seized-from-billionaire-michael-steinhardt-cyrus-vance.html
https://www.nytimes.com/2018/01/05/world/middleeast/un-iran-protests-debate.html
https://www.nytimes.com/2018/01/05/world/canada/google-toronto-food-canada-letter.html
https://www.nytimes.com/2018/01/05/sports/football/espn-donovan-mcnabb-eric-davis-fired-harassment.html
https://www.nytimes.com/2018/01/05/crosswords/daily-puzzle-2018-01-06.html
https://www.nytimes.com/2018/01/06/sports/figure-skating-bradie-tennell.html
https://www.nytimes.com/2018/01/06/world/americas/maduro-venezuela-travel-shutdown.html
https://www.nytimes.com/2018/01/06/sports/basketball/knicks-heat.html
https://www.nytimes.com/2018/01/06/world/canada/yukon-liquor-alcohol-warnings.html
https://www.nytimes.com/2018/01/06/realestate/how-difficult-is-it-to-break-a-lease.html
https://www.nytimes.com/2018/01/06/business/humira-drug-prices.html
https://www.nytimes.com/2018/01/06/reader-center/11-of-our-best-weekend-reads.html
https://www.nytimes.com/2018/01/06/world/americas/paraguay-guarani-language.html
https://www.nytimes.com/2018/01/06/business/economy/nafta-border-truckers.html
https://www.nytimes.com/2018/01/06/fashion/laura-dern-golden-globes.html
https://www.nytimes.com/2018/01/06/business/stefan-buck-tax-evasion.html
https://www.nytimes.com/2018/01/06/style/unity-skateboarding-oakland-california.html
https://www.nytimes.com/2018/01/06/world/epiphany-christmas.html
https://www.nytimes.com/2018/01/06/business/southwest-airlines-lawsuit-prices.html
https://www.nytimes.com/2018/01/06/us/politics/trump-genius-mental-health.html
https://www.nytimes.com/2018/01/06/world/europe/angela-merkel-germany-government.html
https://www.nytimes.com/2018/01/06/fashion/weddings/maybe-in-another-life-becomes-now.html
https://www.nytimes.com/2018/01/06/sports/olympics/olympic-figure-skating-team.html
https://www.nytimes.com/2018/01/06/world/middleeast/egypt-jerusalem-talk-shows.html
https://www.nytimes.com/2018/01/06/us/politics/congress-medical-research-health-care.html
https://www.nytimes.com/2018/01/06/nyregion/a-mothers-determination-withstands-years-of-tumult.html
https://www.nytimes.com/2018/01/06/nyregion/jfk-airport-delays.html
https://www.nytimes.com/2018/01/06/world/europe/monarchy-us-advantage.html
https://www.nytimes.com/2018/01/06/world/europe/vodka-gold-bottle-stolen-copenhagen-denmark.html
https://www.nytimes.com/2018/01/06/us/low-power-radio.html
https://www.nytimes.com/2018/01/06/crosswords/variety-acrostic.html
https://www.nytimes.com/2018/01/06/world/europe/uk-windsor-castle-homeless-prince-harry-wedding.html
https://www.nytimes.com/2018/01/06/us/politics/trump-russia-mueller.html
https://www.nytimes.com/2018/01/06/us/chicago-homeless-basement-weather.html
https://www.nytimes.com/2018/01/06/world/europe/alps-winter-storm-eleanor.html
https://www.nytimes.com/2018/01/06/business/media/gorilla-channel-tweet-trump.html
https://www.nytimes.com/2018/01/06/world/asia/north-korea-nuclear-missile-intelligence.html
https://www.nytimes.com/2018/01/06/world/asia/india-modi-economy.html
https://www.nytimes.com/2018/01/06/crosswords/daily-puzzle-2018-01-07.html
https://www.nytimes.com/2018/01/06/crosswords/vowel-play-pdf-only.html
https://www.nytimes.com/2018/01/06/us/the-metoo-moment-covering-the-new-red-carpet.html
https://www.nytimes.com/2018/01/06/world/africa/senegal-casamance-gunmen-kill-13.html
https://www.nytimes.com/2018/01/06/sports/fcs-north-dakota-state-james-madison.html
https://www.nytimes.com/2018/01/06/sports/football/marcus-mariota-titans-chiefs.html
https://www.nytimes.com/2018/01/07/fashion/weddings/carol-meylan-russel-caflisch.html
https://www.nytimes.com/2018/01/07/fashion/weddings/lisa-stone-joshua-grinker.html
https://www.nytimes.com/2018/01/07/fashion/weddings/marishka-brown-david-hewitt.html
https://www.nytimes.com/2018/01/07/books/memory-loss-books.html
https://www.nytimes.com/2018/01/07/fashion/weddings/caroline-ervin-errol-gordon.html
https://www.nytimes.com/2018/01/07/fashion/weddings/gabrielle-leon-mark-spatt.html
https://www.nytimes.com/2018/01/07/fashion/weddings/rachel-knipel-stephen-thompson.html
https://www.nytimes.com/2018/01/07/fashion/weddings/jillian-vandall-andrew-miao.html
https://www.nytimes.com/2018/01/07/fashion/weddings/stephanie-ghitis-jeffrey-kalmus.html
https://www.nytimes.com/2018/01/07/climate/alaska-road-refuge.html
https://www.nytimes.com/2018/01/07/sports/football/atlanta-falcons-la-rams-.html
https://www.nytimes.com/2018/01/07/sports/nathan-chen-figure-skating.html
https://www.nytimes.com/2018/01/07/sports/hockey/rangers-coyotes-.html
https://www.nytimes.com/2018/01/07/world/asia/ship-collision-china-search.html
https://www.nytimes.com/2018/01/07/us/california-sanctuary-marijuana.html
https://www.nytimes.com/2018/01/07/world/europe/trump-tweets-american-credibility.html
https://www.nytimes.com/2018/01/07/realestate/homes-that-sold-for-around-600000.html
https://www.nytimes.com/2018/01/07/world/asia/myanmar-rohingya-militants.html
https://www.nytimes.com/2018/01/07/world/europe/italy-befana-piazza-navona.html
https://www.nytimes.com/2018/01/07/movies/golden-globes.html
https://www.nytimes.com/2018/01/07/world/americas/alberto-fujimori-peru.html
https://www.nytimes.com/2018/01/07/movies/golden-globes-metoo-mary-j-blige-parties.html
https://www.nytimes.com/2018/01/07/nyregion/immigrants-bail.html
https://www.nytimes.com/2018/01/07/business/jared-kushner-israel.html
https://www.nytimes.com/2018/01/07/us/politics/stephen-miller-cnn-trump-bannon-apology.html
https://www.nytimes.com/2018/01/07/dining/what-to-cook-this-week-newsletter.html
https://www.nytimes.com/2018/01/07/nyregion/fraternity-hazing-death-baruch.html
https://www.nytimes.com/2018/01/07/world/australia/dingo-fence-outback-south-australia.html
https://www.nytimes.com/2018/01/07/sports/olympics/us-mens-figure-skating-team.html
https://www.nytimes.com/2018/01/07/nyregion/seeing-more-than-just-another-missing-teenager-from-the-bronx.html
https://www.nytimes.com/2018/01/07/us/police-chief-sex.html
https://www.nytimes.com/2018/01/07/world/australia/the-sting-of-spring.html
https://www.nytimes.com/2018/01/07/movies/golden-globes-2018-activists-metoo-red-carpet.html
https://www.nytimes.com/2018/01/07/us/politics/steve-bannon-statement-donald-trump-jr.html
https://www.nytimes.com/2018/01/07/us/susie-tompkins-buell-al-franken.html
https://www.nytimes.com/2018/01/07/movies/jumanji-last-jedi-box-office.html
https://www.nytimes.com/2018/01/07/arts/television/louis-ck-fx-investigation.html
https://www.nytimes.com/2018/01/07/world/middleeast/iran-protests-arrests.html
https://www.nytimes.com/2018/01/07/world/europe/sinn-fein-barry-mcelduff.html
https://www.nytimes.com/2018/01/07/technology/intel-chip-security.html
https://www.nytimes.com/2018/01/07/us/crime-police.html
https://www.nytimes.com/2018/01/07/world/middleeast/iran-english-schools.html
https://www.nytimes.com/2018/01/07/nyregion/kennedy-airport.html
https://www.nytimes.com/2018/01/07/world/americas/mexico-state-corruption.html
https://www.nytimes.com/2018/01/07/technology/sweatcoin-fitness-app.html
https://www.nytimes.com/2018/01/07/world/europe/frozen-pond-rescues.html
https://www.nytimes.com/2018/01/07/world/middleeast/israel-bds-boycott-divestment-sanctions.html
https://www.nytimes.com/2018/01/07/nyregion/mitchell-katz-nyc-health-hospitals.html
https://www.nytimes.com/2018/01/07/crosswords/daily-puzzle-2018-01-08.html
https://www.nytimes.com/2018/01/07/nyregion/metropolitan-diary-genius-of-shoes.html
https://www.nytimes.com/2018/01/07/technology/india-digital-money.html
https://www.nytimes.com/2018/01/07/fashion/times-up-pins-golden-globes-2018.html
https://www.nytimes.com/2018/01/07/business/media/uber-lyft-ad.html
https://www.nytimes.com/2018/01/07/world/middleeast/egypt-ahmed-shafik.html
https://www.nytimes.com/2018/01/07/nyregion/funerals-begin-for-victims-of-bronx-fire-that-killed-13.html
https://www.nytimes.com/2018/01/07/movies/debra-messing-catt-sadler-e-news.html
https://www.nytimes.com/2018/01/07/movies/we-asked-golden-globe-meryl-streep-sexism.html
https://www.nytimes.com/2018/01/07/nyregion/new-york-city-flood-maps-fema.html
https://www.nytimes.com/2018/01/07/business/media/steve-bannon-breitbart.html
https://www.nytimes.com/2018/01/07/world/australia/heat-wave.html
https://www.nytimes.com/2018/01/07/sports/saints-panthers-drew-brees.html
https://www.nytimes.com/2018/01/07/business/media/bbc-gender-pay-gap.html
https://www.nytimes.com/2018/01/07/business/inflation-consumer-tech-earnings.html
https://www.nytimes.com/2018/01/07/us/politics/trump-farmers-agriculture-trade-taxes.html
https://www.nytimes.com/2018/01/07/sports/jaguars-defeat-bills.html
https://www.nytimes.com/2018/01/07/movies/seth-meyers-golden-globes-monologue-transcript.html
https://www.nytimes.com/2018/01/07/fashion/e-red-carpet-review.html
https://www.nytimes.com/2018/01/07/movies/sterling-brown-speech-golden-globes.html
https://www.nytimes.com/2018/01/07/style/activists-golden-globes.html
https://www.nytimes.com/2018/01/07/movies/sam-rockwell-globes-racism-cop.html
https://www.nytimes.com/2018/01/07/movies/james-franco-and-tommy-wiseau-winning-best-actor-for-the-worst-movie.html
https://www.nytimes.com/2018/01/07/movies/natalie-portman-golden-globes.html
https://www.nytimes.com/2018/01/07/movies/oprah-winfrey-golden-globes-speech-transcript.html
https://www.nytimes.com/2018/01/07/fashion/golden-globes-black-pants.html
https://www.nytimes.com/2018/01/07/movies/review-golden-globes.html
https://www.nytimes.com/2018/01/07/movies/elisabeth-moss-laura-dern-golden-globes-speeches.html
https://www.nytimes.com/2018/01/08/movies/oprah-winfrey-lifetime-achievement-golden-globes.html
https://www.nytimes.com/2018/01/08/learning/what-city-or-town-most-captures-your-imagination.html
https://www.nytimes.com/2018/01/08/smarter-living/dont-let-a-lack-of-self-awareness-hold-you-back.html
https://www.nytimes.com/2018/01/08/sports/ncaafootball/georgia-bulldogs-alabama.html
https://www.nytimes.com/2018/01/08/learning/08WODLN.html
https://www.nytimes.com/2018/01/08/science/chronic-wasting-disease-deer.html
https://www.nytimes.com/2018/01/08/realestate/renters-leaving-melbourne-for-new-york.html
https://www.nytimes.com/2018/01/08/travel/what-to-expect-in-2018.html
https://www.nytimes.com/2018/01/08/world/asia/ship-collision-oil-tanker-china.html
https://www.nytimes.com/2018/01/08/learning/whats-going-on-in-this-picture-jan-8-2018.html
https://www.nytimes.com/2018/01/08/well/family/do-parents-make-kids-fat.html
https://www.nytimes.com/2018/01/08/well/how-to-prevent-falls.html
https://www.nytimes.com/2018/01/08/upshot/a-memory-shortcut-with-a-little-help-from-friends.html
https://www.nytimes.com/2018/01/08/insider/cold-below-zero-mount-washington-new-hampshire-eyelashes.html
https://www.nytimes.com/2018/01/08/learning/teaching-activities-for-the-golden-globes-get-halfway-woke.html
https://www.nytimes.com/2018/01/08/world/europe/uk-theresa-may-cabinet-reshuffle.html
https://www.nytimes.com/2018/01/08/business/dealbook/intel-ceo-security.html
https://www.nytimes.com/2018/01/08/nyregion/trump-tower-fire.html
https://www.nytimes.com/2018/01/08/fashion/london-wales-bonner-charles-jeffrey.html
https://www.nytimes.com/2018/01/08/travel/the-52-places-traveler-meet-the-applicants.html
https://www.nytimes.com/2018/01/08/fashion/the-golden-globes-black-carpet-fashion-review.html
https://www.nytimes.com/2018/01/08/sports/football/richie-incognito-racist-slurs-yannick-ngakoue.html
https://www.nytimes.com/2018/01/08/world/middleeast/iran-rouhani-protests.html
https://www.nytimes.com/2018/01/08/upshot/strong-economies-lift-presidents-trump-seems-an-exception.html
https://www.nytimes.com/2018/01/08/business/media/conde-nast-glamour-editor.html
https://www.nytimes.com/2018/01/08/world/asia/kazakhstan-china-border.html
https://www.nytimes.com/2018/01/08/movies/golden-globes-best-worst.html
https://www.nytimes.com/2018/01/08/us/salvadorans-tps-end.html
https://www.nytimes.com/2018/01/08/world/europe/italy-plastic-bags.html
https://www.nytimes.com/2018/01/08/nyregion/making-a-home-her-own-and-a-refuge-for-others.html
https://www.nytimes.com/2018/01/08/dining/what-to-cook-right-now-newsletter.html
https://www.nytimes.com/2018/01/08/t-magazine/ana-kras-chai-latte-recipe.html
https://www.nytimes.com/2018/01/08/business/amway-china.html
https://www.nytimes.com/2018/01/08/us/politics/death-penalty-case-heard-by-racist-juror-is-reopened-by-supreme-court.html
https://www.nytimes.com/2018/01/08/movies/red-sparrow-trailer-jennifer-lawrence.html
https://www.nytimes.com/2018/01/08/science/dna-rhinos-ivory-poachers.html
https://www.nytimes.com/2018/01/08/dining/cruzar-la-cara-de-la-luna-opera-talk.html
https://www.nytimes.com/2018/01/08/science/worms-selfing-hermaphrodites.html
https://www.nytimes.com/2018/01/08/sports/patrick-ewing-georgetown.html
https://www.nytimes.com/2018/01/08/arts/music/greatest-showman-no-1-billboard-chart.html
https://www.nytimes.com/2018/01/08/nyregion/fraternity-pennsylvania-hazing-death-baruch-college.html
https://www.nytimes.com/2018/01/08/sports/tennis/andy-murray-hip-surgery.html
https://www.nytimes.com/2018/01/08/us/bundy-ranch-standoff-case-charges-dismissed.html
https://www.nytimes.com/2018/01/08/business/media/bbc-carrie-gracie-china-editor.html
https://www.nytimes.com/2018/01/08/health/surgery-3d-microscope-moyamoya.html
https://www.nytimes.com/2018/01/08/dining/eyal-shani-miznon-restaurant-nyc.html
https://www.nytimes.com/2018/01/08/business/apple-investors-children.html
https://www.nytimes.com/2018/01/08/nyregion/brooklyn-of-jail-guard-rape.html
https://www.nytimes.com/2018/01/08/watching/what-to-watch-this-week-tv-shows.html
https://www.nytimes.com/2018/01/08/business/economy/gop-says-tax-bill-will-add-jobs-in-us-it-may-yield-more-hiring-abroad.html
https://www.nytimes.com/2018/01/08/arts/television/golden-globes-ratings-decrease-slightly.html
https://www.nytimes.com/2018/01/08/health/flu-season-cdc.html
https://www.nytimes.com/2018/01/08/climate/2017-weather-disasters.html
https://www.nytimes.com/2018/01/08/world/africa/mediterranean-migrants-libya.html
https://www.nytimes.com/2018/01/08/business/hm-monkey.html
https://www.nytimes.com/2018/01/08/arts/design/david-zwirner-expands-in-chelsea.html
https://www.nytimes.com/2018/01/08/insider/male-nurses-pink-collar-jobs.html
https://www.nytimes.com/2018/01/08/us/politics/tom-steyer-trump-impeachment-midterm-elections.html
https://www.nytimes.com/2018/01/08/nyregion/new-jim-crow-nj-jails.html
https://www.nytimes.com/2018/01/08/books/review/new-noteworthy-ron-lieber.html
https://www.nytimes.com/2018/01/08/arts/television/oprah-winfrey-president-television.html
https://www.nytimes.com/2018/01/08/world/americas/argentina-corruption.html
https://www.nytimes.com/2018/01/08/world/asia/india-gay-sex-ban.html
https://www.nytimes.com/2018/01/08/world/middleeast/syria-russia-drones.html
https://www.nytimes.com/2018/01/08/world/middleeast/iran-trump-nuclear-.html
https://www.nytimes.com/2018/01/08/science/blue-crabs-urine-mud-crabs.html
https://www.nytimes.com/2018/01/08/us/skating-lincoln-memorial.html
https://www.nytimes.com/2018/01/08/technology/google-memo-discrimination-lawsuit.html
https://www.nytimes.com/2018/01/08/us/sam-brownback-kansas-governor.html
https://www.nytimes.com/2018/01/08/nyregion/nyc-pedestrian-deaths.html
https://www.nytimes.com/2018/01/08/reader-center/thomas-monson-obituary.html
https://www.nytimes.com/2018/01/08/style/golden-globes-parties-elisabeth-moss-mariah-carey-reese-witherspoon.html
https://www.nytimes.com/2018/01/08/world/africa/migrants-nigeria-libya.html
https://www.nytimes.com/2018/01/08/us/politics/right-and-left-react-to-questions-about-trumps-mental-state.html
https://www.nytimes.com/2018/01/08/business/vtech-child-privacy.html
https://www.nytimes.com/2018/01/08/climate/trump-coal-nuclear.html
https://www.nytimes.com/2018/01/08/sports/national-championship-game-alabama-georgia.html
https://www.nytimes.com/2018/01/08/sports/basketball/lavar-ball-lonzo-lakers.html
https://www.nytimes.com/2018/01/08/nyregion/homeless-cold-subways-shelter.html
https://www.nytimes.com/2018/01/08/nyregion/metropolitan-diary-crossing-against-the-light.html
https://www.nytimes.com/2018/01/08/us/politics/fusion-gps-glenn-simpson.html
https://www.nytimes.com/2018/01/08/us/politics/trump-tax-cuts-farmers-speech.html
https://www.nytimes.com/2018/01/08/theater/2018-kleban-prize-winners.html
https://www.nytimes.com/2018/01/08/movies/after-globes-women-declare-success-but-what-about-the-men.html
https://www.nytimes.com/2018/01/08/world/asia/thailand-prime-minister-prayuth.html
https://www.nytimes.com/2018/01/08/arts/design/laurie-tisch-collecting-the-giants-of-new-york-and-modern-art.html
https://www.nytimes.com/2018/01/08/us/politics/trump-border-wall-funding-surveillance.html
https://www.nytimes.com/2018/01/08/technology/apple-tech-children-jana-calstrs.html
https://www.nytimes.com/2018/01/08/world/asia/hong-kong-patrick-ho-bribery-chad-senegal.html
https://www.nytimes.com/2018/01/08/world/americas/mexico-pena-nieto-corruption-chihuahua.html
https://www.nytimes.com/2018/01/08/business/dealbook/tech-backlash-catches-up-to-apple.html
https://www.nytimes.com/2018/01/08/us/politics/oprah-president-2020.html
https://www.nytimes.com/2018/01/08/nyregion/jfk-airport-delays-weather.html
https://www.nytimes.com/2018/01/08/nyregion/bronx-fire-funeral.html
https://www.nytimes.com/2018/01/08/world/asia/north-korea-south-olympics-border-talks.html
https://www.nytimes.com/2018/01/08/us/politics/mueller-trump-interview-russia-investigation.html
https://www.nytimes.com/2018/01/08/nyregion/erica-garner-funeral-black-lives-matter.html
https://www.nytimes.com/2018/01/08/us/politics/trump-football-georgia-alabama.html
https://www.nytimes.com/2018/01/08/crosswords/daily-puzzle-2018-01-09.html
https://www.nytimes.com/2018/01/08/business/media/roseanne-trump-abc.html
https://www.nytimes.com/2018/01/09/well/heart-risk-doctors-lipoprotein.html
https://www.nytimes.com/2018/01/09/sports/alabama-national-championship.html
https://www.nytimes.com/2018/01/09/learning/09WODLN.html
https://www.nytimes.com/2018/01/09/smarter-living/how-to-choose-the-right-dining-table-for-your-home.html
https://www.nytimes.com/2018/01/09/sports/soccer/fifa-council-infantino-salaries.html
https://www.nytimes.com/2018/01/09/learning/gifs.html
https://www.nytimes.com/2018/01/09/learning/teaching-activities-for-long-before-video-japanese-fought-suicide-in-the-sea-of-trees.html
https://www.nytimes.com/2018/01/09/world/asia/south-korea-japan-sex-slaves.html
https://www.nytimes.com/2018/01/09/books/review/match-book-change-philanthropy.html
https://www.nytimes.com/2018/01/09/learning/what-makes-hq-trivia-so-popular.html
https://www.nytimes.com/2018/01/09/dining/cleaver-zwilling-pro-mini.html
https://www.nytimes.com/2018/01/09/dining/cooking-for-picasso-camille-aubray-92nd-st-y.html
https://www.nytimes.com/2018/01/09/dining/cotto-gran-biscotto-rovagnati.html
https://www.nytimes.com/2018/01/09/dining/west-african-soups-egunsifoods.html
https://www.nytimes.com/2018/01/09/dining/poke-bowl-acme-smoked-fish.html
https://www.nytimes.com/2018/01/09/magazine/learning-to-fool-our-algorithmic-spies.html
https://www.nytimes.com/2018/01/09/magazine/who-decides-whats-sexy-and-who-pays-for-it.html
https://www.nytimes.com/2018/01/09/realestate/tiny-jenga-kitchen-renovation.html
https://www.nytimes.com/2018/01/09/travel/new-hotels-resorts-2018.html
https://www.nytimes.com/2018/01/09/travel/wellness-hotels-cruises-airports-2018.html
https://www.nytimes.com/2018/01/09/us/immigrant-work-force-salvadorans-haitians.html
https://www.nytimes.com/2018/01/09/us/politics/federal-reserve-inflation.html
https://www.nytimes.com/2018/01/09/magazine/why-are-our-most-important-teachers-paid-the-least.html
https://www.nytimes.com/2018/01/09/arts/television/oprah-winfrey-2020-late-night.html
https://www.nytimes.com/2018/01/09/style/flywheel-cycling-spinning-at-home.html
https://www.nytimes.com/2018/01/09/movies/bafta-nominations.html
https://www.nytimes.com/2018/01/09/world/africa/south-africa-train-crash.html
https://www.nytimes.com/2018/01/09/well/family/brooklyn-india-parenting-mothers-babies-infants-new-york.html
https://www.nytimes.com/2018/01/09/business/dealbook/jana-apple-tech.html
https://www.nytimes.com/2018/01/09/technology/peloton-treadmill-future-gadgets.html
https://www.nytimes.com/2018/01/09/world/europe/poland-cabinet-reshuffle.html
https://www.nytimes.com/2018/01/09/sports/alabama-nick-saban.html
https://www.nytimes.com/2018/01/09/world/asia/north-korea-winter-olympics.html
https://www.nytimes.com/2018/01/09/us/memphis-megachurch-sex-assault.html
https://www.nytimes.com/2018/01/09/movies/black-panther-trailer-chadwick-boseman-michael-jordan.html
https://www.nytimes.com/2018/01/09/world/americas/mexico-prostitutes-shelter.html
https://www.nytimes.com/2018/01/09/arts/design/a-barrier-or-a-fair-fee-readers-react-to-the-mets-new-admission-policy.html
https://www.nytimes.com/2018/01/09/us/california-mudslides.html
https://www.nytimes.com/2018/01/09/arts/television/black-lightning-dc-superhero-cw.html
https://www.nytimes.com/2018/01/09/sports/olympics/north-korea-athletes-olympics.html
https://www.nytimes.com/2018/01/09/books/now-read-this.html
https://www.nytimes.com/2018/01/09/world/europe/microbeads-ban-uk.html
https://www.nytimes.com/2018/01/09/dining/angie-mar-chef-beatrice-inn.html
https://www.nytimes.com/2018/01/09/us/politics/trump-davos-world-economic-forum.html
https://www.nytimes.com/2018/01/09/business/att-huawei-mate-smartphone.html
https://www.nytimes.com/2018/01/09/insider/events/new-york-times-podcast-club-heavyweight.html
https://www.nytimes.com/2018/01/09/world/africa/snow-sahara.html
https://www.nytimes.com/2018/01/09/nyregion/corruption-albany-pamela-harris.html
https://www.nytimes.com/2018/01/09/dining/marcella-hazan-bolognese.html
https://www.nytimes.com/2018/01/09/nyregion/onstage-escaping-the-pain-of-her-childhood.html
https://www.nytimes.com/2018/01/09/us/joe-arpaio-senate-arizona.html
https://www.nytimes.com/2018/01/09/world/middleeast/iran-khamenei-trump-psychotic-revenge.html
https://www.nytimes.com/2018/01/09/sports/football/tom-brady-patriots.html
https://www.nytimes.com/2018/01/09/dining/soogil-nyc-restaurant-news.html
https://www.nytimes.com/2018/01/09/world/asia/china-france-xi-macron.html
https://www.nytimes.com/2018/01/09/business/cambodia-real-estate.html
https://www.nytimes.com/2018/01/09/us/politics/feinstein-fusion-gps-glenn-simpson-transcript.html
https://www.nytimes.com/2018/01/09/insider/events/sam-sifton-david-mcmillan.html
https://www.nytimes.com/2018/01/09/us/politics/trump-daca-immigration.html
https://www.nytimes.com/2018/01/09/us/politics/advocates-of-puerto-rico-statehood-plan-to-demand-representation.html
https://www.nytimes.com/2018/01/09/science/spacex-zuma-satellite.html
https://www.nytimes.com/2018/01/09/realestate/commercial/recent-commercial-real-estate-transactions.html
https://www.nytimes.com/2018/01/09/world/europe/wales-ban-children-physical-punishment.html
https://www.nytimes.com/2018/01/09/arts/music/bruce-haack-electric-lucifer.html
https://www.nytimes.com/2018/01/09/world/europe/ukraine-nozdrovska-murder.html
https://www.nytimes.com/2018/01/09/nyregion/new-york-police-department-nypd-nyc.html
https://www.nytimes.com/2018/01/09/business/media/john-dickerson-charlie-rose-cbs-this-morning.html
https://www.nytimes.com/2018/01/09/theater/in-solo-shows-lip-syncing-hamlet-and-investigating-home-movies.html
https://www.nytimes.com/2018/01/09/style/quilt-coworking-women.html
https://www.nytimes.com/2018/01/09/business/japan-electric-cars.html
https://www.nytimes.com/2018/01/09/us/teacher-arrested-louisiana.html
https://www.nytimes.com/2018/01/09/arts/music/lana-del-rey-radiohead-copyright.html
https://www.nytimes.com/2018/01/09/arts/dance/jenny-schlenzka-ps-122-coil.html
https://www.nytimes.com/2018/01/09/us/politics/republicans-retirements-house-democrats-wave-2018.html
https://www.nytimes.com/2018/01/09/theater/broadway-san-diego-cuts-ties-with-ben-vereen.html
https://www.nytimes.com/2018/01/09/business/economy/fast-food-labor.html
https://www.nytimes.com/2018/01/09/t-magazine/food/swyft-ore-hill-restaurant.html
https://www.nytimes.com/2018/01/09/world/canada/fire-fury-trump-michael-wolff-randall-hansen.html
https://www.nytimes.com/2018/01/09/us/politics/justices-seem-ready-to-back-driver-of-rental-car-in-privacy-case.html
https://www.nytimes.com/2018/01/09/travel/detroit-auto-show-guide.html
https://www.nytimes.com/2018/01/09/arts/arthur-miller-archive-ransom-center.html
https://www.nytimes.com/2018/01/09/us/politics/steve-bannon-breitbart-trump.html
https://www.nytimes.com/2018/01/09/fashion/weddings/wedding-submission-faqs.html
https://www.nytimes.com/2018/01/09/world/africa/tunisia-protests.html
https://www.nytimes.com/2018/01/09/style/what-8-shoppers-wore-to-the-freezing-market-in-union-square.html
https://www.nytimes.com/2018/01/09/us/politics/administration-delays-prosecuting-qaeda-suspect-once-seen-as-candidate-for-guantanamo.html
https://www.nytimes.com/2018/01/09/nyregion/bail-prosecutors-new-york.html
https://www.nytimes.com/2018/01/09/arts/design/new-damien-hirst-spot-paintings-houghton-hall.html
https://www.nytimes.com/2018/01/09/world/asia/afghanistan-corruption-reform.html
https://www.nytimes.com/2018/01/09/insider/what-were-reading.html
https://www.nytimes.com/2018/01/09/sports/olympics/north-korea-olympics.html
https://www.nytimes.com/2018/01/09/business/dealbook/gopro-needs-to-know-its-limits.html
https://www.nytimes.com/2018/01/09/nyregion/coogans-washington-heights-closing.html
https://www.nytimes.com/2018/01/09/sports/maggie-nichols-abuse-larry-nassar.html
https://www.nytimes.com/2018/01/09/nyregion/metropolitan-diary-subway-cinderella.html
https://www.nytimes.com/2018/01/09/science/emperor-penguins-dads.html
https://www.nytimes.com/2018/01/09/business/media/warner-bros-emmerich-kroll.html
https://www.nytimes.com/2018/01/09/reader-center/homeless-subway-cold-reporting.html
https://www.nytimes.com/2018/01/09/theater/john-lithgow-stories-by-heart-broadway.html
https://www.nytimes.com/2018/01/09/us/north-carolina-gerrymander.html
https://www.nytimes.com/2018/01/09/business/media/rose-mcgowan-citizen-rose.html
https://www.nytimes.com/2018/01/09/us/virgin-islands-power.html
https://www.nytimes.com/2018/01/09/us/politics/trump-azar-drug-prices.html
https://www.nytimes.com/2018/01/09/world/americas/el-salvador-trump.html
https://www.nytimes.com/2018/01/09/nyregion/new-york-police-union-body-camera-lawsuit.html
https://www.nytimes.com/2018/01/09/climate/trump-florida-offshore-drilling.html
https://www.nytimes.com/2018/01/09/nyregion/prospect-park-rape-solved-dna.html
https://www.nytimes.com/2018/01/09/us/politics/us-cuba-attacks-sick.html
https://www.nytimes.com/2018/01/09/sports/ratings-espn-alabama.html
https://www.nytimes.com/2018/01/09/nyregion/chris-christie-final-state-of-the-state.html
https://www.nytimes.com/2018/01/09/climate/coal-murray-trump-memo.html
https://www.nytimes.com/2018/01/09/us/politics/trump-health-physical.html
https://www.nytimes.com/2018/01/09/business/dealbook/kodak-bitcoin.html
https://www.nytimes.com/2018/01/09/sports/10college.html
https://www.nytimes.com/2018/01/09/business/economy/tax-cut-power.html
https://www.nytimes.com/2018/01/09/movies/catherine-deneuve-and-others-denounce-the-metoo-movement.html
https://www.nytimes.com/2018/01/09/us/politics/trump-immigration-meeting-anatomy.html
https://www.nytimes.com/2018/01/09/world/asia/china-general-corruption.html
https://www.nytimes.com/2018/01/09/crosswords/daily-puzzle-2018-01-10.html
https://www.nytimes.com/2018/01/09/sports/alabama-tua-tagovailoa.html
https://www.nytimes.com/2018/01/09/us/politics/michael-cohen-russia-dossier-buzzfeed.html
https://www.nytimes.com/2018/01/09/us/trump-daca-improper.html
https://www.nytimes.com/2018/01/09/business/toyota-mazda-alabama.html
https://www.nytimes.com/2018/01/10/well/move/facial-exercises-may-make-you-look-3-years-younger.html
https://www.nytimes.com/2018/01/10/well/exercising-your-face.html
https://www.nytimes.com/2018/01/10/world/asia/moon-jae-in-trump-north-korea.html
https://www.nytimes.com/2018/01/10/learning/10WODLN.html
https://www.nytimes.com/2018/01/10/world/asia/myanmar-reuters-reporters.html
https://www.nytimes.com/2018/01/10/learning/oprah-for-president.html
https://www.nytimes.com/2018/01/10/learning/teaching-activities-for-trump-administration-says-that-nearly-200000-salvadorans-must-leave.html
https://www.nytimes.com/2018/01/10/arts/television/james-franco-stephen-colbert-ally-sheedy.html
https://www.nytimes.com/2018/01/10/learning/can-you-spot-a-liar.html
https://www.nytimes.com/2018/01/10/magazine/dessert-rice-pudding-courage-france.html
https://www.nytimes.com/2018/01/10/magazine/gabrielle-union-isnt-done-talking-about-sexual-assault.html
https://www.nytimes.com/2018/01/10/magazine/the-mystery-of-the-exiled-billionaire-whistleblower.html
https://www.nytimes.com/2018/01/10/climate/climate-change-trump.html
https://www.nytimes.com/2018/01/10/movies/tonya-harding-i-tonya-nancy-kerrigan-scandal.html
https://www.nytimes.com/2018/01/10/magazine/should-i-accept-a-cash-reward-for-doing-the-right-thing.html
https://www.nytimes.com/2018/01/10/us/border-crossings-trump-effect.html
https://www.nytimes.com/2018/01/10/realestate/living-in-turtle-bay-manhattan.html
https://www.nytimes.com/2018/01/10/upshot/youre-sick-whose-fault-is-that.html
https://www.nytimes.com/2018/01/10/world/asia/malaysia-airlines-flight-370-ocean-infinity.html
https://www.nytimes.com/2018/01/10/us/politics/trump-russia-election-interference.html
https://www.nytimes.com/2018/01/10/insider/tashi-wangchuk-documentary-china.html
https://www.nytimes.com/2018/01/10/world/europe/catalonia-spain-carles-puigdemont.html
https://www.nytimes.com/2018/01/10/health/rsv-symptoms-prevention.html
https://www.nytimes.com/2018/01/10/learning/lesson-plans/bioethics-in-action-part-i-helping-students-explore-difficult-questions-in-health-care.html
https://www.nytimes.com/2018/01/10/world/middleeast/libya-migrants.html
https://www.nytimes.com/2018/01/10/world/asia/nepal-woman-menstruation.html
https://www.nytimes.com/2018/01/10/business/dealbook/buffett-berkshire-abel-jain.html
https://www.nytimes.com/2018/01/10/arts/design/over-200-latin-american-artworks-are-headed-to-moma-and-other-museums.html
https://www.nytimes.com/2018/01/10/business/life-time-fitness-cable-news.html
https://www.nytimes.com/2018/01/10/us/politics/outrageous-white-house-says-of-judges-daca-ruling.html
https://www.nytimes.com/2018/01/10/realestate/250000-homes-ohio-iowa-arkansas.html
https://www.nytimes.com/2018/01/10/us/montecito-mudslides-california.html
https://www.nytimes.com/2018/01/10/nyregion/homeless-shelter-bodega-nyc-brooklyn.html
https://www.nytimes.com/2018/01/10/business/economy/irs-debt-collection.html
https://www.nytimes.com/2018/01/10/dining/angie-mar-is-a-badass-newsletter.html
https://www.nytimes.com/2018/01/10/technology/personaltech/no-ride-hailing-apps.html
https://www.nytimes.com/2018/01/10/world/europe/spain-migrants-prison.html
https://www.nytimes.com/2018/01/10/world/europe/greece-shariah-law.html
https://www.nytimes.com/2018/01/10/fashion/weddings/their-marriage-is-a-little-like-comfort-food.html
https://www.nytimes.com/2018/01/10/travel/jada-yuan-52-places-traveler.html
https://www.nytimes.com/2018/01/10/travel/52-places-to-go-2018-how.html
https://www.nytimes.com/2018/01/10/style/who-is-rex-reed.html
https://www.nytimes.com/2018/01/10/nyregion/after-a-turbulent-childhood-on-a-path-to-a-healthier-life.html
https://www.nytimes.com/2018/01/10/arts/robert-de-niro-meryl-streep-national-board-of-review.html
https://www.nytimes.com/2018/01/10/world/middleeast/iran-drugs-death-penalty.html
https://www.nytimes.com/2018/01/10/sports/hockey/north-dakota-division-i-womens-hockey.html
https://www.nytimes.com/2018/01/10/world/middleeast/isis-hamas-sinai.html
https://www.nytimes.com/2018/01/10/fashion/topshop-fake-news-jeans-controversy.html
https://www.nytimes.com/2018/01/10/us/politics/supreme-court-ohio-voting-rolls-purge.html
https://www.nytimes.com/2018/01/10/world/europe/switzerland-zermatt-stranded.html
https://www.nytimes.com/2018/01/10/theater/adrienne-kennedy-playwright-still-quiet-still-bold-still-furious.html
https://www.nytimes.com/2018/01/10/science/female-sea-turtles-global-warming.html
https://www.nytimes.com/2018/01/10/fashion/j-press-preppy-shopping-new-york.html
https://www.nytimes.com/2018/01/10/arts/design/92nd-street-y-silver-trophy.html
https://www.nytimes.com/2018/01/10/us/politics/darrell-issa-retirement.html
https://www.nytimes.com/2018/01/10/science/neutron-star-fast-radio-bursts.html
https://www.nytimes.com/2018/01/10/arts/music/charles-dutoit-sexual-assault-royal-philharmonic.html
https://www.nytimes.com/2018/01/10/business/media/trump-libel-laws.html
https://www.nytimes.com/2018/01/10/arts/music/nicole-mitchell-black-earth-ensemble-mandorla-awakening.html
https://www.nytimes.com/2018/01/10/science/dolphins-self-recognition.html
https://www.nytimes.com/2018/01/10/arts/dance/good-vibrations.html
https://www.nytimes.com/2018/01/10/world/asia/pakistan-protest-child-deaths.html
https://www.nytimes.com/2018/01/10/sports/baseball/andruw-jones-hall-of-fame.html
https://www.nytimes.com/2018/01/10/business/fed-profits-treasury-2017.html
https://www.nytimes.com/2018/01/10/us/conversion-therapy-new-hampshire.html
https://www.nytimes.com/2018/01/10/movies/oscars-so-awkward-golden-globes-times-up.html
https://www.nytimes.com/2018/01/10/sports/olympics/russian-hackers-emails-doping.html
https://www.nytimes.com/2018/01/10/fashion/9-to-5-dressing-the-post-1970s-office.html
https://www.nytimes.com/2018/01/10/world/americas/interpreter-monterrey-when-corporate-elites-won-partial-control-of-a-mexican-city-and-then-lost-it.html
https://www.nytimes.com/2018/01/10/theater/broadway-audience-more-new-yorkers.html
https://www.nytimes.com/2018/01/10/business/media/a-feminist-twitter-campaign-targets-harpers-magazine-and-katie-roiphe.html
https://www.nytimes.com/2018/01/10/arts/design/what-to-see-in-new-york-art-galleries-this-week.html
https://www.nytimes.com/2018/01/10/us/7-eleven-raids-ice.html
https://www.nytimes.com/2018/01/10/us/brandon-russell-sentenced-neo-nazi.html
https://www.nytimes.com/2018/01/10/style/death-app-we-croak.html
https://www.nytimes.com/2018/01/10/business/toyota-mazda-plant-alabama.html
https://www.nytimes.com/2018/01/10/health/chip-insurance-children-funding.html
https://www.nytimes.com/2018/01/10/style/modern-love-podcast-lois-smith.html
https://www.nytimes.com/2018/01/10/technology/india-retail-apple.html
https://www.nytimes.com/2018/01/10/science/fossils-butterflies-moths.html
https://www.nytimes.com/2018/01/10/world/americas/colombia-eln-attack.html
https://www.nytimes.com/2018/01/10/world/europe/pope-circus-animal-activists.html
https://www.nytimes.com/2018/01/10/t-magazine/food/dryanuary-no-alcohol-cocktails.html
https://www.nytimes.com/2018/01/10/nyregion/gillibrand-trump-schumer-prosecutor-berman.html
https://www.nytimes.com/2018/01/10/business/dealbook/warren-buffett-berkshire-hathaway.html
https://www.nytimes.com/2018/01/10/well/family/fresh-embryos-as-good-as-frozen-ones-for-in-vitro-fertilization.html
https://www.nytimes.com/2018/01/10/nyregion/crowdsourcing-the-commute.html
https://www.nytimes.com/2018/01/10/world/europe/human-rights-arrest-chechnya.html
https://www.nytimes.com/2018/01/10/us/politics/nsa-surveillance-privacy-section-702-amendment.html
https://www.nytimes.com/2018/01/10/nyregion/chelsea-fitness-culture-in-brooklyn.html
https://www.nytimes.com/2018/01/10/world/asia/north-korea-china-trade-ma-xiaohong.html
https://www.nytimes.com/2018/01/10/crosswords/new-facebook-group-helps-aspiring-constructors-learn-the-art-of-puzzle-making.html
https://www.nytimes.com/2018/01/10/fashion/new-york-shopping-sales.html
https://www.nytimes.com/2018/01/10/nyregion/an-ending-for-a-love-story.html
https://www.nytimes.com/2018/01/10/climate/coastal-drilling-florida-exempt-zinke.html
https://www.nytimes.com/2018/01/10/world/europe/germany-immigrants-anti-semitism.html
https://www.nytimes.com/2018/01/10/nyregion/council-investigations-torres-de-blasio.html
https://www.nytimes.com/2018/01/10/sports/baseball/yankee-stadium-netting.html
https://www.nytimes.com/2018/01/10/nyregion/trump-place-manhattan-lawsuit.html
